\BOOKMARK [1][-]{section.0}{Introduction}{}% 1
\BOOKMARK [0][-]{part.1}{I\040Data:\040Production,\040Visualization,\040and\040Description}{}% 2
\BOOKMARK [1][-]{section.1}{Producing\040Data}{part.1}% 3
\BOOKMARK [2][-]{subsection.1.1}{Sampling}{section.1}% 4
\BOOKMARK [2][-]{subsection.1.2}{Experimenation}{section.1}% 5
\BOOKMARK [1][-]{section.2}{Data\040Visualization}{part.1}% 6
\BOOKMARK [1][-]{section.3}{Descriptive\040Statistics}{part.1}% 7
\BOOKMARK [0][-]{part.2}{II\040Probability\040Theory}{}% 8
\BOOKMARK [1][-]{section.4}{Probability}{part.2}% 9
\BOOKMARK [1][-]{section.5}{Random\040Variables}{part.2}% 10
\BOOKMARK [1][-]{section.6}{Expectation}{part.2}% 11
\BOOKMARK [1][-]{section.7}{Important\040Inequalities}{part.2}% 12
\BOOKMARK [1][-]{section.8}{Convergence\040Results}{part.2}% 13
\BOOKMARK [1][-]{section.9}{Distributions}{part.2}% 14
\BOOKMARK [2][-]{subsection.9.1}{Normal\040Distribution}{section.9}% 15
\BOOKMARK [2][-]{subsection.9.2}{t-Distribution}{section.9}% 16
\BOOKMARK [2][-]{subsection.9.3}{2-Distribution}{section.9}% 17
\BOOKMARK [0][-]{part.3}{III\040Statistical\040Inference}{}% 18
\BOOKMARK [1][-]{section.10}{Parameter\040Estimation}{part.3}% 19
\BOOKMARK [1][-]{section.11}{Hypothesis\040Testing}{part.3}% 20
\BOOKMARK [0][-]{part.4}{IV\040Statistical\040Models\040and\040Methods}{}% 21
\BOOKMARK [1][-]{section.12}{Regression}{part.4}% 22
\BOOKMARK [1][-]{section.13}{Classification}{part.4}% 23
